2020-10-15T02:45:46+00:00 CRITICAL syntax error, unexpected 'function' (T_FUNCTION) in /app/public/wp-content/themes/varia-wpcom-child/functions.php on line 43

2020-10-15T02:45:48+00:00 CRITICAL syntax error, unexpected 'function' (T_FUNCTION) in /app/public/wp-content/themes/varia-wpcom-child/functions.php on line 43

2020-10-15T03:31:39+00:00 CRITICAL Object of class WPCW\Models\Course could not be converted to string in /app/public/wp-content/themes/varia-wpcom-child/account/account-view-courses.php on line 37

2020-10-15T03:40:27+00:00 CRITICAL Uncaught Error: Cannot use object of type WPCW\Models\Course as array in /app/public/wp-content/themes/varia-wpcom-child/account/account-view-courses.php:39
Stack trace:
#0 /app/public/wp-content/plugins/wp-courseware/includes/functions/template.php(43): include()
#1 /app/public/wp-content/plugins/wp-courseware/includes/functions/students.php(720): wpcw_get_template('account/account...', Array)
#2 /app/public/wp-includes/class-wp-hook.php(287): wpcw_student_account_courses(1)
#3 /app/public/wp-includes/class-wp-hook.php(311): WP_Hook->apply_filters('', Array)
#4 /app/public/wp-includes/plugin.php(478): WP_Hook->do_action(Array)
#5 /app/public/wp-content/plugins/wp-courseware/includes/functions/students.php(643): do_action('wpcw_student_ac...', '')
#6 /app/public/wp-includes/class-wp-hook.php(287): wpcw_student_account_content('')
#7 /app/public/wp-includes/class-wp-hook.php(311): WP_Hook->apply_filters('', Array)
#8 /app/public/wp-includes/plugin.php(478): WP_Hook->do_action(Array)
#9 /app/public/wp-content/p in /app/public/wp-content/themes/varia-wpcom-child/account/account-view-courses.php on line 39

2020-10-15T03:41:47+00:00 CRITICAL Uncaught Error: Cannot use object of type WPCW\Models\Course as array in /app/public/wp-content/themes/varia-wpcom-child/account/account-view-courses.php:39
Stack trace:
#0 /app/public/wp-content/plugins/wp-courseware/includes/functions/template.php(43): include()
#1 /app/public/wp-content/plugins/wp-courseware/includes/functions/students.php(720): wpcw_get_template('account/account...', Array)
#2 /app/public/wp-includes/class-wp-hook.php(287): wpcw_student_account_courses(1)
#3 /app/public/wp-includes/class-wp-hook.php(311): WP_Hook->apply_filters('', Array)
#4 /app/public/wp-includes/plugin.php(478): WP_Hook->do_action(Array)
#5 /app/public/wp-content/plugins/wp-courseware/includes/functions/students.php(643): do_action('wpcw_student_ac...', '')
#6 /app/public/wp-includes/class-wp-hook.php(287): wpcw_student_account_content('')
#7 /app/public/wp-includes/class-wp-hook.php(311): WP_Hook->apply_filters('', Array)
#8 /app/public/wp-includes/plugin.php(478): WP_Hook->do_action(Array)
#9 /app/public/wp-content/p in /app/public/wp-content/themes/varia-wpcom-child/account/account-view-courses.php on line 39

2020-10-15T03:42:10+00:00 CRITICAL Uncaught Error: Cannot use object of type WPCW\Models\Course as array in /app/public/wp-content/themes/varia-wpcom-child/account/account-view-courses.php:39
Stack trace:
#0 /app/public/wp-content/plugins/wp-courseware/includes/functions/template.php(43): include()
#1 /app/public/wp-content/plugins/wp-courseware/includes/functions/students.php(720): wpcw_get_template('account/account...', Array)
#2 /app/public/wp-includes/class-wp-hook.php(287): wpcw_student_account_courses(1)
#3 /app/public/wp-includes/class-wp-hook.php(311): WP_Hook->apply_filters('', Array)
#4 /app/public/wp-includes/plugin.php(478): WP_Hook->do_action(Array)
#5 /app/public/wp-content/plugins/wp-courseware/includes/functions/students.php(643): do_action('wpcw_student_ac...', '')
#6 /app/public/wp-includes/class-wp-hook.php(287): wpcw_student_account_content('')
#7 /app/public/wp-includes/class-wp-hook.php(311): WP_Hook->apply_filters('', Array)
#8 /app/public/wp-includes/plugin.php(478): WP_Hook->do_action(Array)
#9 /app/public/wp-content/p in /app/public/wp-content/themes/varia-wpcom-child/account/account-view-courses.php on line 39

2020-10-15T03:42:48+00:00 CRITICAL syntax error, unexpected '=>' (T_DOUBLE_ARROW) in /app/public/wp-content/themes/varia-wpcom-child/account/account-view-courses.php on line 39

2020-10-15T03:44:48+00:00 CRITICAL syntax error, unexpected '"course_id"' (T_CONSTANT_ENCAPSED_STRING), expecting identifier (T_STRING) or variable (T_VARIABLE) or '{' or '$' in /app/public/wp-content/themes/varia-wpcom-child/account/account-view-courses.php on line 39

2020-10-15T03:48:19+00:00 CRITICAL Uncaught Error: Cannot use object of type WPCW\Models\Course as array in /app/public/wp-content/themes/varia-wpcom-child/account/account-view-courses.php:39
Stack trace:
#0 /app/public/wp-content/plugins/wp-courseware/includes/functions/template.php(43): include()
#1 /app/public/wp-content/plugins/wp-courseware/includes/functions/students.php(720): wpcw_get_template('account/account...', Array)
#2 /app/public/wp-includes/class-wp-hook.php(287): wpcw_student_account_courses(1)
#3 /app/public/wp-includes/class-wp-hook.php(311): WP_Hook->apply_filters('', Array)
#4 /app/public/wp-includes/plugin.php(478): WP_Hook->do_action(Array)
#5 /app/public/wp-content/plugins/wp-courseware/includes/functions/students.php(643): do_action('wpcw_student_ac...', '')
#6 /app/public/wp-includes/class-wp-hook.php(287): wpcw_student_account_content('')
#7 /app/public/wp-includes/class-wp-hook.php(311): WP_Hook->apply_filters('', Array)
#8 /app/public/wp-includes/plugin.php(478): WP_Hook->do_action(Array)
#9 /app/public/wp-content/p in /app/public/wp-content/themes/varia-wpcom-child/account/account-view-courses.php on line 39

2020-10-15T03:49:55+00:00 CRITICAL Uncaught Error: Cannot use object of type WPCW\Models\Course as array in /app/public/wp-content/themes/varia-wpcom-child/account/account-view-courses.php:39
Stack trace:
#0 /app/public/wp-content/plugins/wp-courseware/includes/functions/template.php(43): include()
#1 /app/public/wp-content/plugins/wp-courseware/includes/functions/students.php(720): wpcw_get_template('account/account...', Array)
#2 /app/public/wp-includes/class-wp-hook.php(287): wpcw_student_account_courses(1)
#3 /app/public/wp-includes/class-wp-hook.php(311): WP_Hook->apply_filters('', Array)
#4 /app/public/wp-includes/plugin.php(478): WP_Hook->do_action(Array)
#5 /app/public/wp-content/plugins/wp-courseware/includes/functions/students.php(643): do_action('wpcw_student_ac...', '')
#6 /app/public/wp-includes/class-wp-hook.php(287): wpcw_student_account_content('')
#7 /app/public/wp-includes/class-wp-hook.php(311): WP_Hook->apply_filters('', Array)
#8 /app/public/wp-includes/plugin.php(478): WP_Hook->do_action(Array)
#9 /app/public/wp-content/p in /app/public/wp-content/themes/varia-wpcom-child/account/account-view-courses.php on line 39

2020-10-15T03:50:58+00:00 CRITICAL syntax error, unexpected ')' in /app/public/wp-content/themes/varia-wpcom-child/account/account-view-courses.php on line 37

